<?xml version="1.0" encoding="UTF-8"?>
<!-- Generated by org.testng.reporters.JUnitXMLReporter -->
<testsuite hostname="CognitsBryanPaz" ignored="0" name="Default test" tests="4" failures="0" timestamp="04 oct 2017 17:33:57 GMT" time="44.605" errors="0">
  <testcase name="AbrirNavegador" time="2.57" classname="FrenzyDashboard.OpenBrowser"/>
  <testcase name="VerMas" time="31.759" classname="FrenzyDashboard.Servicios_Frenzy"/>
  <testcase name="Video" time="2.953" classname="FrenzyDashboard.Home_Video"/>
  <testcase name="ContactForm" time="7.299" classname="FrenzyDashboard.Home_ContactForm"/>
</testsuite> <!-- Default test -->
